Connecting to database specified by database.yml
Connecting to database specified by database.yml
  [1m[36m (0.1ms)[0m  [1mselect sqlite_version(*)[0m
  [1m[35m (1.0ms)[0m  CREATE TABLE "schema_migrations" ("version" varchar(255) NOT NULL) 
  [1m[36m (0.0ms)[0m  [1mPRAGMA index_list("schema_migrations")[0m
  [1m[35m (1.2ms)[0m  CREATE UNIQUE INDEX "unique_schema_migrations" ON "schema_migrations" ("version")
  [1m[36m (0.1ms)[0m  [1mSELECT "schema_migrations"."version" FROM "schema_migrations" [0m
Migrating to CreateStatuses (20130126014712)
  [1m[35m (0.0ms)[0m  begin transaction
  [1m[36m (0.5ms)[0m  [1mCREATE TABLE "statuses" ("id" INTEGER PRIMARY KEY AUTOINCREMENT NOT NULL, "name" varchar(255), "content" text, "created_at" datetime NOT NULL, "updated_at" datetime NOT NULL) [0m
  [1m[35m (0.1ms)[0m  INSERT INTO "schema_migrations" ("version") VALUES ('20130126014712')
  [1m[36m (0.7ms)[0m  [1mcommit transaction[0m
  [1m[35m (0.2ms)[0m  select sqlite_version(*)
  [1m[36m (0.1ms)[0m  [1mSELECT "schema_migrations"."version" FROM "schema_migrations" [0m
  [1m[35m (0.0ms)[0m  PRAGMA index_list("statuses")


Started GET "/statuses" for 127.0.0.1 at 2013-01-25 17:48:49 -0800
Connecting to database specified by database.yml
Processing by StatusesController#index as HTML
  [1m[36mStatus Load (0.1ms)[0m  [1mSELECT "statuses".* FROM "statuses" [0m
  Rendered statuses/index.html.erb within layouts/application (2.0ms)
Compiled scaffolds.css  (11ms)  (pid 52018)
Compiled statuses.css  (1ms)  (pid 52018)
Compiled application.css  (35ms)  (pid 52018)
Compiled jquery.js  (1ms)  (pid 52018)
Compiled jquery_ujs.js  (0ms)  (pid 52018)
Compiled statuses.js  (59ms)  (pid 52018)
Compiled application.js  (101ms)  (pid 52018)
Completed 200 OK in 237ms (Views: 209.1ms | ActiveRecord: 1.2ms)


Started GET "/assets/application.css?body=1" for 127.0.0.1 at 2013-01-25 17:48:49 -0800
Served asset /application.css - 200 OK (7ms)


Started GET "/assets/scaffolds.css?body=1" for 127.0.0.1 at 2013-01-25 17:48:49 -0800
Served asset /scaffolds.css - 200 OK (1ms)


Started GET "/assets/jquery.js?body=1" for 127.0.0.1 at 2013-01-25 17:48:49 -0800
Served asset /jquery.js - 200 OK (15ms)


Started GET "/assets/jquery_ujs.js?body=1" for 127.0.0.1 at 2013-01-25 17:48:49 -0800
Served asset /jquery_ujs.js - 200 OK (1ms)


Started GET "/assets/statuses.css?body=1" for 127.0.0.1 at 2013-01-25 17:48:49 -0800
Served asset /statuses.css - 200 OK (1ms)


Started GET "/assets/statuses.js?body=1" for 127.0.0.1 at 2013-01-25 17:48:49 -0800
Served asset /statuses.js - 200 OK (0ms)


Started GET "/assets/application.js?body=1" for 127.0.0.1 at 2013-01-25 17:48:50 -0800
Served asset /application.js - 200 OK (4ms)


Started GET "/statuses/new" for 127.0.0.1 at 2013-01-25 17:48:56 -0800
Processing by StatusesController#new as HTML
  Rendered statuses/_form.html.erb (6.8ms)
  Rendered statuses/new.html.erb within layouts/application (10.6ms)
Completed 200 OK in 18ms (Views: 13.9ms | ActiveRecord: 0.0ms)


Started POST "/statuses" for 127.0.0.1 at 2013-01-25 17:49:04 -0800
Processing by StatusesController#create as HTML
  Parameters: {"utf8"=>"✓", "authenticity_token"=>"iHTDoVn87aD4oV0u5GR/FmKI3gnDSINMe0ANct/ofUo=", "status"=>{"name"=>"Micah", "content"=>"I'm on Treebook\r\n"}, "commit"=>"Create Status"}
  [1m[35m (0.1ms)[0m  begin transaction
  [1m[36mSQL (3.9ms)[0m  [1mINSERT INTO "statuses" ("content", "created_at", "name", "updated_at") VALUES (?, ?, ?, ?)[0m  [["content", "I'm on Treebook\r\n"], ["created_at", Sat, 26 Jan 2013 01:49:04 UTC +00:00], ["name", "Micah"], ["updated_at", Sat, 26 Jan 2013 01:49:04 UTC +00:00]]
  [1m[35m (0.7ms)[0m  commit transaction
Redirected to http://0.0.0.0:3000/statuses/1
Completed 302 Found in 8ms (ActiveRecord: 4.6ms)


Started GET "/statuses/1" for 127.0.0.1 at 2013-01-25 17:49:04 -0800
Processing by StatusesController#show as HTML
  Parameters: {"id"=>"1"}
  [1m[36mStatus Load (0.2ms)[0m  [1mSELECT "statuses".* FROM "statuses" WHERE "statuses"."id" = ? LIMIT 1[0m  [["id", "1"]]
  Rendered statuses/show.html.erb within layouts/application (0.8ms)
Completed 200 OK in 6ms (Views: 4.1ms | ActiveRecord: 0.2ms)


Started GET "/assets/statuses.css?body=1" for 127.0.0.1 at 2013-01-25 17:49:04 -0800
Served asset /statuses.css - 304 Not Modified (0ms)


Started GET "/assets/scaffolds.css?body=1" for 127.0.0.1 at 2013-01-25 17:49:04 -0800
Served asset /scaffolds.css - 304 Not Modified (0ms)


Started GET "/assets/statuses.js?body=1" for 127.0.0.1 at 2013-01-25 17:49:04 -0800
Served asset /statuses.js - 304 Not Modified (0ms)
